{"/Users/msoltesznagy/Trainings/szakdoga/analyzer-script/index.ts": {"path":"/Users/msoltesznagy/Trainings/szakdoga/analyzer-script/index.ts","statementMap":{"0":{"start":{"line":1,"column":0},"end":{"line":1,"column":26}},"1":{"start":{"line":2,"column":0},"end":{"line":2,"column":31}},"2":{"start":{"line":3,"column":0},"end":{"line":3,"column":35}},"3":{"start":{"line":5,"column":13},"end":{"line":5,"column":19}},"4":{"start":{"line":6,"column":18},"end":{"line":6,"column":29}},"5":{"start":{"line":7,"column":20},"end":{"line":7,"column":33}},"6":{"start":{"line":8,"column":12},"end":{"line":8,"column":17}},"7":{"start":{"line":10,"column":19},"end":{"line":10,"column":54}},"8":{"start":{"line":24,"column":15},"end":{"line":24,"column":56}},"9":{"start":{"line":26,"column":26},"end":{"line":26,"column":28}},"10":{"start":{"line":27,"column":23},"end":{"line":27,"column":25}},"11":{"start":{"line":28,"column":20},"end":{"line":28,"column":25}},"12":{"start":{"line":30,"column":26},"end":{"line":47,"column":1}},"13":{"start":{"line":31,"column":4},"end":{"line":45,"column":null}},"14":{"start":{"line":32,"column":23},"end":{"line":32,"column":63}},"15":{"start":{"line":33,"column":8},"end":{"line":33,"column":43}},"16":{"start":{"line":34,"column":8},"end":{"line":34,"column":37}},"17":{"start":{"line":35,"column":8},"end":{"line":35,"column":29}},"18":{"start":{"line":36,"column":8},"end":{"line":36,"column":54}},"19":{"start":{"line":38,"column":8},"end":{"line":38,"column":95}},"20":{"start":{"line":39,"column":8},"end":{"line":39,"column":46}},"21":{"start":{"line":40,"column":8},"end":{"line":40,"column":54}},"22":{"start":{"line":41,"column":8},"end":{"line":44,"column":null}},"23":{"start":{"line":42,"column":12},"end":{"line":42,"column":94}},"24":{"start":{"line":43,"column":12},"end":{"line":43,"column":25}},"25":{"start":{"line":46,"column":4},"end":{"line":46,"column":16}},"26":{"start":{"line":49,"column":24},"end":{"line":77,"column":2}},"27":{"start":{"line":49,"column":71},"end":{"line":77,"column":2}},"28":{"start":{"line":50,"column":10},"end":{"line":56,"column":6}},"29":{"start":{"line":58,"column":4},"end":{"line":58,"column":null}},"30":{"start":{"line":61,"column":25},"end":{"line":65,"column":null}},"31":{"start":{"line":61,"column":14},"end":{"line":65,"column":null}},"32":{"start":{"line":66,"column":8},"end":{"line":66,"column":35}},"33":{"start":{"line":67,"column":8},"end":{"line":70,"column":null}},"34":{"start":{"line":68,"column":12},"end":{"line":68,"column":102}},"35":{"start":{"line":69,"column":12},"end":{"line":69,"column":55}},"36":{"start":{"line":71,"column":8},"end":{"line":71,"column":54}},"37":{"start":{"line":73,"column":8},"end":{"line":73,"column":125}},"38":{"start":{"line":76,"column":4},"end":{"line":76,"column":11}},"39":{"start":{"line":79,"column":20},"end":{"line":102,"column":1}},"40":{"start":{"line":80,"column":4},"end":{"line":83,"column":null}},"41":{"start":{"line":81,"column":8},"end":{"line":81,"column":35}},"42":{"start":{"line":82,"column":8},"end":{"line":82,"column":15}},"43":{"start":{"line":85,"column":30},"end":{"line":85,"column":47}},"44":{"start":{"line":85,"column":16},"end":{"line":85,"column":18}},"45":{"start":{"line":85,"column":25},"end":{"line":85,"column":30}},"46":{"start":{"line":86,"column":4},"end":{"line":101,"column":7}},"47":{"start":{"line":87,"column":8},"end":{"line":87,"column":40}},"48":{"start":{"line":88,"column":8},"end":{"line":88,"column":47}},"49":{"start":{"line":89,"column":8},"end":{"line":89,"column":47}},"50":{"start":{"line":91,"column":8},"end":{"line":99,"column":null}},"51":{"start":{"line":92,"column":25},"end":{"line":92,"column":70}},"52":{"start":{"line":93,"column":24},"end":{"line":93,"column":37}},"53":{"start":{"line":94,"column":36},"end":{"line":94,"column":69}},"54":{"start":{"line":95,"column":38},"end":{"line":95,"column":77}},"55":{"start":{"line":96,"column":12},"end":{"line":96,"column":null}},"56":{"start":{"line":98,"column":12},"end":{"line":98,"column":52}},"57":{"start":{"line":100,"column":8},"end":{"line":100,"column":52}},"58":{"start":{"line":104,"column":23},"end":{"line":133,"column":null}},"59":{"start":{"line":105,"column":4},"end":{"line":107,"column":null}},"60":{"start":{"line":106,"column":8},"end":{"line":106,"column":15}},"61":{"start":{"line":109,"column":10},"end":{"line":126,"column":6}},"62":{"start":{"line":128,"column":8},"end":{"line":128,"column":54}},"63":{"start":{"line":130,"column":4},"end":{"line":130,"column":42}},"64":{"start":{"line":132,"column":4},"end":{"line":132,"column":16}},"65":{"start":{"line":104,"column":13},"end":{"line":104,"column":23}},"66":{"start":{"line":135,"column":0},"end":{"line":135,"column":10}}},"fnMap":{"0":{"name":"(anonymous_15)","decl":{"start":{"line":30,"column":26},"end":{"line":30,"column":null}},"loc":{"start":{"line":30,"column":26},"end":{"line":47,"column":1}}},"1":{"name":"(anonymous_16)","decl":{"start":{"line":49,"column":24},"end":{"line":49,"column":31}},"loc":{"start":{"line":49,"column":71},"end":{"line":77,"column":2}}},"2":{"name":"(anonymous_17)","decl":{"start":{"line":49,"column":71},"end":{"line":49,"column":null}},"loc":{"start":{"line":49,"column":71},"end":{"line":77,"column":2}}},"3":{"name":"(anonymous_19)","decl":{"start":{"line":79,"column":20},"end":{"line":79,"column":21}},"loc":{"start":{"line":79,"column":95},"end":{"line":102,"column":1}}},"4":{"name":"(anonymous_20)","decl":{"start":{"line":86,"column":18},"end":{"line":86,"column":19}},"loc":{"start":{"line":86,"column":60},"end":{"line":101,"column":5}}},"5":{"name":"(anonymous_21)","decl":{"start":{"line":104,"column":23},"end":{"line":104,"column":null}},"loc":{"start":{"line":104,"column":23},"end":{"line":133,"column":null}}}},"branchMap":{"0":{"loc":{"start":{"line":41,"column":8},"end":{"line":44,"column":null}},"type":"if","locations":[{"start":{"line":41,"column":8},"end":{"line":44,"column":null}}]},"1":{"loc":{"start":{"line":41,"column":12},"end":{"line":41,"column":37}},"type":"binary-expr","locations":[{"start":{"line":41,"column":12},"end":{"line":41,"column":24}},{"start":{"line":41,"column":28},"end":{"line":41,"column":37}}]},"2":{"loc":{"start":{"line":76,"column":4},"end":{"line":76,"column":11}},"type":"switch","locations":[{"start":{"line":76,"column":4},"end":{"line":76,"column":11}}]},"3":{"loc":{"start":{"line":67,"column":8},"end":{"line":70,"column":null}},"type":"if","locations":[{"start":{"line":67,"column":8},"end":{"line":70,"column":null}}]},"4":{"loc":{"start":{"line":73,"column":101},"end":{"line":73,"column":121}},"type":"cond-expr","locations":[{"start":{"line":73,"column":115},"end":{"line":73,"column":117}},{"start":{"line":73,"column":115},"end":{"line":73,"column":121}}]},"5":{"loc":{"start":{"line":73,"column":101},"end":{"line":73,"column":117}},"type":"binary-expr","locations":[{"start":{"line":73,"column":101},"end":{"line":73,"column":117}},{"start":{"line":73,"column":115},"end":{"line":73,"column":117}}]},"6":{"loc":{"start":{"line":80,"column":4},"end":{"line":83,"column":null}},"type":"if","locations":[{"start":{"line":80,"column":4},"end":{"line":83,"column":null}}]},"7":{"loc":{"start":{"line":92,"column":25},"end":{"line":92,"column":70}},"type":"binary-expr","locations":[{"start":{"line":92,"column":25},"end":{"line":92,"column":64}},{"start":{"line":92,"column":68},"end":{"line":92,"column":70}}]},"8":{"loc":{"start":{"line":93,"column":24},"end":{"line":93,"column":37}},"type":"binary-expr","locations":[{"start":{"line":93,"column":24},"end":{"line":93,"column":31}},{"start":{"line":93,"column":35},"end":{"line":93,"column":37}}]},"9":{"loc":{"start":{"line":95,"column":45},"end":{"line":95,"column":76}},"type":"cond-expr","locations":[{"start":{"line":95,"column":68},"end":{"line":95,"column":70}},{"start":{"line":95,"column":68},"end":{"line":95,"column":76}}]},"10":{"loc":{"start":{"line":95,"column":45},"end":{"line":95,"column":70}},"type":"binary-expr","locations":[{"start":{"line":95,"column":45},"end":{"line":95,"column":70}},{"start":{"line":95,"column":68},"end":{"line":95,"column":70}}]},"11":{"loc":{"start":{"line":95,"column":45},"end":{"line":95,"column":68}},"type":"cond-expr","locations":[{"start":{"line":95,"column":60},"end":{"line":95,"column":62}},{"start":{"line":95,"column":45},"end":{"line":95,"column":68}}]},"12":{"loc":{"start":{"line":95,"column":45},"end":{"line":95,"column":62}},"type":"binary-expr","locations":[{"start":{"line":95,"column":45},"end":{"line":95,"column":62}},{"start":{"line":95,"column":45},"end":{"line":95,"column":62}}]},"13":{"loc":{"start":{"line":96,"column":48},"end":{"line":96,"column":70}},"type":"binary-expr","locations":[{"start":{"line":96,"column":48},"end":{"line":96,"column":65}},{"start":{"line":96,"column":69},"end":{"line":96,"column":70}}]},"14":{"loc":{"start":{"line":105,"column":4},"end":{"line":107,"column":null}},"type":"if","locations":[{"start":{"line":105,"column":4},"end":{"line":107,"column":null}}]}},"s":{"0":1,"1":1,"2":1,"3":1,"4":1,"5":1,"6":1,"7":1,"8":1,"9":1,"10":1,"11":1,"12":1,"13":2,"14":2,"15":0,"16":0,"17":0,"18":0,"19":2,"20":2,"21":2,"22":2,"23":0,"24":0,"25":2,"26":1,"27":0,"28":0,"29":0,"30":0,"31":0,"32":0,"33":0,"34":0,"35":0,"36":0,"37":0,"38":0,"39":1,"40":2,"41":0,"42":0,"43":2,"44":2,"45":2,"46":2,"47":0,"48":0,"49":0,"50":0,"51":0,"52":0,"53":0,"54":0,"55":0,"56":0,"57":0,"58":3,"59":2,"60":0,"61":2,"62":2,"63":2,"64":2,"65":1,"66":1},"f":{"0":2,"1":0,"2":0,"3":2,"4":0,"5":4},"b":{"0":[0],"1":[2,2],"2":[0],"3":[0],"4":[0,0],"5":[0,0],"6":[0],"7":[0,0],"8":[0,0],"9":[0,0],"10":[0,0],"11":[0,0],"12":[0,0],"13":[0,0],"14":[0]}}
}
