TN:
SF:index.ts
FN:30,(anonymous_15)
FN:49,(anonymous_16)
FN:49,(anonymous_17)
FN:79,(anonymous_19)
FN:86,(anonymous_20)
FN:104,(anonymous_21)
FNF:6
FNH:3
FNDA:2,(anonymous_15)
FNDA:0,(anonymous_16)
FNDA:0,(anonymous_17)
FNDA:2,(anonymous_19)
FNDA:0,(anonymous_20)
FNDA:4,(anonymous_21)
DA:1,1
DA:2,1
DA:3,1
DA:5,1
DA:6,1
DA:7,1
DA:8,1
DA:10,1
DA:24,1
DA:26,1
DA:27,1
DA:28,1
DA:30,1
DA:31,2
DA:32,2
DA:33,0
DA:34,0
DA:35,0
DA:36,0
DA:38,2
DA:39,2
DA:40,2
DA:41,2
DA:42,0
DA:43,0
DA:46,2
DA:49,1
DA:50,0
DA:58,0
DA:61,0
DA:66,0
DA:67,0
DA:68,0
DA:69,0
DA:71,0
DA:73,0
DA:76,0
DA:79,1
DA:80,2
DA:81,0
DA:82,0
DA:85,2
DA:86,2
DA:87,0
DA:88,0
DA:89,0
DA:91,0
DA:92,0
DA:93,0
DA:94,0
DA:95,0
DA:96,0
DA:98,0
DA:100,0
DA:104,3
DA:105,2
DA:106,0
DA:109,2
DA:128,2
DA:130,2
DA:132,2
DA:135,1
LF:62
LH:32
BRDA:41,0,0,0
BRDA:41,1,0,2
BRDA:41,1,1,2
BRDA:76,2,0,0
BRDA:67,3,0,0
BRDA:73,4,0,0
BRDA:73,4,1,0
BRDA:73,5,0,0
BRDA:73,5,1,0
BRDA:80,6,0,0
BRDA:92,7,0,0
BRDA:92,7,1,0
BRDA:93,8,0,0
BRDA:93,8,1,0
BRDA:95,9,0,0
BRDA:95,9,1,0
BRDA:95,10,0,0
BRDA:95,10,1,0
BRDA:95,11,0,0
BRDA:95,11,1,0
BRDA:95,12,0,0
BRDA:95,12,1,0
BRDA:96,13,0,0
BRDA:96,13,1,0
BRDA:105,14,0,0
BRF:25
BRH:2
end_of_record
